<?xml version="1.0" encoding="UTF-8"?>
<!-- Generated by org.testng.reporters.JUnitReportReporter -->
<testsuite hostname="LAPTOP-G5ONRHQ3" failures="0" tests="4" name="rahulshettyacademy.Tests.SubmitOrderTest" time="56.566" errors="0" timestamp="2025-04-16T00:12:26 WEST" skipped="0">
  <testcase classname="rahulshettyacademy.Tests.SubmitOrderTest" name="submitOrder" time="16.945"/>
  <testcase classname="rahulshettyacademy.Tests.SubmitOrderTest" name="submitOrder" time="28.207"/>
  <testcase classname="rahulshettyacademy.Tests.SubmitOrderTest" name="OrderHistoryTest" time="4.937"/>
  <testcase classname="rahulshettyacademy.Tests.SubmitOrderTest" name="OrderHistoryTest" time="6.477"/>
</testsuite> <!-- rahulshettyacademy.Tests.SubmitOrderTest -->
