<?xml version="1.0" encoding="UTF-8"?>
<!-- Generated by org.testng.reporters.JUnitReportReporter -->
<testsuite hostname="LAPTOP-G5ONRHQ3" failures="0" tests="1" name="cucumber.TestNGTestRunner" time="18.563" errors="0" timestamp="2025-04-16T16:49:11 WEST" skipped="0">
  <testcase classname="cucumber.TestNGTestRunner" name="runScenario" time="18.563"/>
</testsuite> <!-- cucumber.TestNGTestRunner -->
