<?xml version="1.0" encoding="UTF-8"?>
<!-- Generated by org.testng.reporters.JUnitReportReporter -->
<testsuite hostname="LAPTOP-G5ONRHQ3" failures="0" tests="4" name="rahulshettyacademy.Tests.SubmitOrderTest" time="54.632" errors="0" timestamp="2025-04-16T14:31:49 WEST" skipped="0">
  <testcase classname="rahulshettyacademy.Tests.SubmitOrderTest" name="OrderHistoryTest" time="5.023"/>
  <testcase classname="rahulshettyacademy.Tests.SubmitOrderTest" name="submitOrder" time="25.324"/>
  <testcase classname="rahulshettyacademy.Tests.SubmitOrderTest" name="submitOrder" time="17.746"/>
  <testcase classname="rahulshettyacademy.Tests.SubmitOrderTest" name="OrderHistoryTest" time="6.539"/>
</testsuite> <!-- rahulshettyacademy.Tests.SubmitOrderTest -->
