<?xml version="1.0" encoding="UTF-8"?>
<!-- Generated by org.testng.reporters.JUnitReportReporter -->
<testsuite hostname="LAPTOP-G5ONRHQ3" failures="0" tests="2" name="rahulshettyacademy.Tests.ErrorValidations" time="19.808" errors="0" timestamp="2025-04-16T14:31:49 WEST" skipped="0">
  <testcase classname="rahulshettyacademy.Tests.ErrorValidations" name="ProductErrorValidation" time="13.860"/>
  <testcase classname="rahulshettyacademy.Tests.ErrorValidations" name="InvalidLogin" time="5.948"/>
</testsuite> <!-- rahulshettyacademy.Tests.ErrorValidations -->
